0:0:0:0:0:0:0:1 - - [17/Apr/2017:17:13:28 +0530] "GET / HTTP/1.1" 200 3503
0:0:0:0:0:0:0:1 - - [17/Apr/2017:17:13:28 +0530] "GET /biglogo.png HTTP/1.1" 200 7336
0:0:0:0:0:0:0:1 - - [17/Apr/2017:17:13:29 +0530] "GET /vod/index.html HTTP/1.1" 200 4286
0:0:0:0:0:0:0:1 - - [17/Apr/2017:17:13:29 +0530] "GET /vod/swfobject.js HTTP/1.1" 200 25574
0:0:0:0:0:0:0:1 - - [17/Apr/2017:17:13:29 +0530] "GET /vod/miniplayer.swf HTTP/1.1" 200 81544
0:0:0:0:0:0:0:1 - - [17/Apr/2017:17:13:30 +0530] "GET /favicon.png HTTP/1.1" 200 733
0:0:0:0:0:0:0:1 - - [17/Apr/2017:17:13:30 +0530] "GET /favicon.ico HTTP/1.1" 200 894
0:0:0:0:0:0:0:1 - - [17/Apr/2017:17:13:30 +0530] "GET /vod/textLayout_2.0.0.232.swf HTTP/1.1" 200 312694
0:0:0:0:0:0:0:1 - - [17/Apr/2017:17:13:31 +0530] "GET /vod/osmf_1.0.0.16316.swf HTTP/1.1" 200 220336
0:0:0:0:0:0:0:1 - - [17/Apr/2017:17:13:31 +0530] "GET /vod/framework_4.5.1.21328.swf HTTP/1.1" 200 540005
0:0:0:0:0:0:0:1 - - [17/Apr/2017:17:13:32 +0530] "GET /vod/spark_4.5.1.21328.swf HTTP/1.1" 200 749644
0:0:0:0:0:0:0:1 - - [17/Apr/2017:17:13:48 +0530] "GET /installer HTTP/1.1" 302 -
0:0:0:0:0:0:0:1 - - [17/Apr/2017:17:13:48 +0530] "GET /installer/ HTTP/1.1" 200 4277
0:0:0:0:0:0:0:1 - - [17/Apr/2017:17:13:48 +0530] "GET /installer/history/history.css HTTP/1.1" 200 371
0:0:0:0:0:0:0:1 - - [17/Apr/2017:17:13:48 +0530] "GET /installer/AC_OETags.js HTTP/1.1" 200 8164
0:0:0:0:0:0:0:1 - - [17/Apr/2017:17:13:48 +0530] "GET /installer/history/history.js HTTP/1.1" 200 24548
0:0:0:0:0:0:0:1 - - [17/Apr/2017:17:13:48 +0530] "GET /installer/installer.swf HTTP/1.1" 200 537289
0:0:0:0:0:0:0:1 - - [17/Apr/2017:17:14:03 +0530] "GET /demos HTTP/1.1" 302 -
0:0:0:0:0:0:0:1 - - [17/Apr/2017:17:14:03 +0530] "GET /demos/ HTTP/1.1" 200 4850
0:0:0:0:0:0:0:1 - - [17/Apr/2017:17:14:04 +0530] "GET /demos/favicon.png HTTP/1.1" 404 1087
0:0:0:0:0:0:0:1 - - [17/Apr/2017:17:14:04 +0530] "GET /demos/favicon.ico HTTP/1.1" 404 1087
0:0:0:0:0:0:0:1 - - [17/Apr/2017:17:14:07 +0530] "GET /demos/simpleBroadcaster.html HTTP/1.1" 200 2172
0:0:0:0:0:0:0:1 - - [17/Apr/2017:17:14:07 +0530] "GET /demos/Mystyles/style.css HTTP/1.1" 200 1086
0:0:0:0:0:0:0:1 - - [17/Apr/2017:17:14:07 +0530] "GET /demos/assets/swfobject.js HTTP/1.1" 200 9758
0:0:0:0:0:0:0:1 - - [17/Apr/2017:17:14:07 +0530] "GET /demos/simpleBroadcaster.swf HTTP/1.1" 200 71962
0:0:0:0:0:0:0:1 - - [17/Apr/2017:17:14:08 +0530] "GET /demos/xray.swf HTTP/1.1" 200 15591
0:0:0:0:0:0:0:1 - - [17/Apr/2017:17:15:06 +0530] "GET /demos/simpleBroadcaster.html HTTP/1.1" 304 -
0:0:0:0:0:0:0:1 - - [17/Apr/2017:17:15:06 +0530] "GET /favicon.ico HTTP/1.1" 200 894
0:0:0:0:0:0:0:1 - - [17/Apr/2017:17:15:25 +0530] "GET /demos/simpleSubscriber.html HTTP/1.1" 200 1912
0:0:0:0:0:0:0:1 - - [17/Apr/2017:17:15:26 +0530] "GET /demos/simpleSubscriber.swf HTTP/1.1" 200 71825
