0:0:0:0:0:0:0:1 - - [15/Apr/2017:10:55:26 +0530] "GET /demos/simpleBroadcaster.html HTTP/1.1" 200 838
0:0:0:0:0:0:0:1 - - [15/Apr/2017:10:57:34 +0530] "GET /demos/simpleBroadcaster.html HTTP/1.1" 200 835
0:0:0:0:0:0:0:1 - - [15/Apr/2017:10:57:34 +0530] "GET /favicon.ico HTTP/1.1" 200 894
0:0:0:0:0:0:0:1 - - [15/Apr/2017:10:57:35 +0530] "GET /demos/simpleBroadcaster.html HTTP/1.1" 304 -
0:0:0:0:0:0:0:1 - - [15/Apr/2017:10:57:35 +0530] "GET /favicon.ico HTTP/1.1" 200 894
0:0:0:0:0:0:0:1 - - [15/Apr/2017:10:57:36 +0530] "GET /demos/simpleBroadcaster.html HTTP/1.1" 304 -
0:0:0:0:0:0:0:1 - - [15/Apr/2017:10:57:36 +0530] "GET /favicon.ico HTTP/1.1" 200 894
0:0:0:0:0:0:0:1 - - [15/Apr/2017:10:57:36 +0530] "GET /demos/simpleBroadcaster.html HTTP/1.1" 304 -
0:0:0:0:0:0:0:1 - - [15/Apr/2017:10:57:36 +0530] "GET /favicon.ico HTTP/1.1" 200 894
0:0:0:0:0:0:0:1 - - [15/Apr/2017:10:57:36 +0530] "GET /demos/simpleBroadcaster.html HTTP/1.1" 304 -
0:0:0:0:0:0:0:1 - - [15/Apr/2017:10:57:36 +0530] "GET /favicon.ico HTTP/1.1" 200 894
0:0:0:0:0:0:0:1 - - [15/Apr/2017:10:57:37 +0530] "GET /demos/simpleBroadcaster.html HTTP/1.1" 304 -
0:0:0:0:0:0:0:1 - - [15/Apr/2017:10:57:37 +0530] "GET /favicon.ico HTTP/1.1" 200 894
0:0:0:0:0:0:0:1 - - [15/Apr/2017:10:57:37 +0530] "GET /demos/simpleBroadcaster.html HTTP/1.1" 304 -
0:0:0:0:0:0:0:1 - - [15/Apr/2017:10:57:37 +0530] "GET /favicon.ico HTTP/1.1" 200 894
0:0:0:0:0:0:0:1 - - [15/Apr/2017:10:57:37 +0530] "GET /demos/simpleBroadcaster.html HTTP/1.1" 304 -
0:0:0:0:0:0:0:1 - - [15/Apr/2017:10:57:37 +0530] "GET /favicon.ico HTTP/1.1" 200 894
0:0:0:0:0:0:0:1 - - [15/Apr/2017:10:57:37 +0530] "GET /demos/simpleBroadcaster.html HTTP/1.1" 304 -
0:0:0:0:0:0:0:1 - - [15/Apr/2017:10:57:37 +0530] "GET /favicon.ico HTTP/1.1" 200 894
0:0:0:0:0:0:0:1 - - [15/Apr/2017:10:57:37 +0530] "GET /demos/simpleBroadcaster.html HTTP/1.1" 304 -
0:0:0:0:0:0:0:1 - - [15/Apr/2017:10:57:37 +0530] "GET /favicon.ico HTTP/1.1" 200 894
0:0:0:0:0:0:0:1 - - [15/Apr/2017:10:57:38 +0530] "GET /demos/simpleBroadcaster.html HTTP/1.1" 304 -
0:0:0:0:0:0:0:1 - - [15/Apr/2017:10:57:38 +0530] "GET /favicon.ico HTTP/1.1" 200 894
0:0:0:0:0:0:0:1 - - [15/Apr/2017:10:57:38 +0530] "GET /demos/simpleBroadcaster.html HTTP/1.1" 304 -
0:0:0:0:0:0:0:1 - - [15/Apr/2017:10:57:38 +0530] "GET /favicon.ico HTTP/1.1" 200 894
0:0:0:0:0:0:0:1 - - [15/Apr/2017:10:57:39 +0530] "GET /demos/simpleBroadcaster.html HTTP/1.1" 304 -
0:0:0:0:0:0:0:1 - - [15/Apr/2017:10:57:39 +0530] "GET /favicon.ico HTTP/1.1" 200 894
0:0:0:0:0:0:0:1 - - [15/Apr/2017:10:57:39 +0530] "GET /demos/simpleBroadcaster.html HTTP/1.1" 304 -
0:0:0:0:0:0:0:1 - - [15/Apr/2017:10:57:39 +0530] "GET /favicon.ico HTTP/1.1" 200 894
0:0:0:0:0:0:0:1 - - [15/Apr/2017:10:57:39 +0530] "GET /demos/simpleBroadcaster.html HTTP/1.1" 304 -
0:0:0:0:0:0:0:1 - - [15/Apr/2017:10:57:39 +0530] "GET /favicon.ico HTTP/1.1" 200 894
0:0:0:0:0:0:0:1 - - [15/Apr/2017:10:57:39 +0530] "GET /demos/simpleBroadcaster.html HTTP/1.1" 304 -
0:0:0:0:0:0:0:1 - - [15/Apr/2017:10:57:39 +0530] "GET /favicon.ico HTTP/1.1" 200 894
0:0:0:0:0:0:0:1 - - [15/Apr/2017:10:57:39 +0530] "GET /demos/simpleBroadcaster.html HTTP/1.1" 304 -
0:0:0:0:0:0:0:1 - - [15/Apr/2017:10:57:39 +0530] "GET /favicon.ico HTTP/1.1" 200 894
0:0:0:0:0:0:0:1 - - [15/Apr/2017:10:57:39 +0530] "GET /demos/simpleBroadcaster.html HTTP/1.1" 304 -
0:0:0:0:0:0:0:1 - - [15/Apr/2017:10:57:40 +0530] "GET /favicon.ico HTTP/1.1" 200 894
0:0:0:0:0:0:0:1 - - [15/Apr/2017:10:57:40 +0530] "GET /demos/simpleBroadcaster.html HTTP/1.1" 304 -
0:0:0:0:0:0:0:1 - - [15/Apr/2017:10:57:40 +0530] "GET /favicon.ico HTTP/1.1" 200 894
0:0:0:0:0:0:0:1 - - [15/Apr/2017:10:57:40 +0530] "GET /demos/simpleBroadcaster.html HTTP/1.1" 304 -
0:0:0:0:0:0:0:1 - - [15/Apr/2017:10:57:40 +0530] "GET /favicon.ico HTTP/1.1" 200 894
0:0:0:0:0:0:0:1 - - [15/Apr/2017:10:57:40 +0530] "GET /demos/simpleBroadcaster.html HTTP/1.1" 304 -
0:0:0:0:0:0:0:1 - - [15/Apr/2017:10:57:40 +0530] "GET /favicon.ico HTTP/1.1" 200 894
0:0:0:0:0:0:0:1 - - [15/Apr/2017:10:57:41 +0530] "GET /demos/simpleBroadcaster.html HTTP/1.1" 304 -
0:0:0:0:0:0:0:1 - - [15/Apr/2017:10:57:41 +0530] "GET /favicon.ico HTTP/1.1" 200 894
0:0:0:0:0:0:0:1 - - [15/Apr/2017:10:57:42 +0530] "GET /demos/simpleBroadcaster.html HTTP/1.1" 304 -
0:0:0:0:0:0:0:1 - - [15/Apr/2017:10:57:42 +0530] "GET /favicon.ico HTTP/1.1" 200 894
0:0:0:0:0:0:0:1 - - [15/Apr/2017:10:57:43 +0530] "GET /demos/simpleBroadcaster.html HTTP/1.1" 304 -
0:0:0:0:0:0:0:1 - - [15/Apr/2017:10:57:43 +0530] "GET /favicon.ico HTTP/1.1" 200 894
0:0:0:0:0:0:0:1 - - [15/Apr/2017:10:57:43 +0530] "GET /demos/simpleBroadcaster.html HTTP/1.1" 304 -
0:0:0:0:0:0:0:1 - - [15/Apr/2017:10:57:43 +0530] "GET /favicon.ico HTTP/1.1" 200 894
0:0:0:0:0:0:0:1 - - [15/Apr/2017:10:57:44 +0530] "GET /demos/simpleBroadcaster.html HTTP/1.1" 304 -
0:0:0:0:0:0:0:1 - - [15/Apr/2017:10:57:44 +0530] "GET /favicon.ico HTTP/1.1" 200 894
0:0:0:0:0:0:0:1 - - [15/Apr/2017:10:57:44 +0530] "GET /demos/simpleBroadcaster.html HTTP/1.1" 304 -
0:0:0:0:0:0:0:1 - - [15/Apr/2017:10:57:44 +0530] "GET /favicon.ico HTTP/1.1" 200 894
0:0:0:0:0:0:0:1 - - [15/Apr/2017:10:57:44 +0530] "GET /demos/simpleBroadcaster.html HTTP/1.1" 304 -
0:0:0:0:0:0:0:1 - - [15/Apr/2017:10:57:44 +0530] "GET /demos/simpleBroadcaster.html HTTP/1.1" 304 -
0:0:0:0:0:0:0:1 - - [15/Apr/2017:10:57:44 +0530] "GET /favicon.ico HTTP/1.1" 200 894
0:0:0:0:0:0:0:1 - - [15/Apr/2017:10:57:44 +0530] "GET /demos/simpleBroadcaster.html HTTP/1.1" 304 -
0:0:0:0:0:0:0:1 - - [15/Apr/2017:10:57:44 +0530] "GET /favicon.ico HTTP/1.1" 200 894
0:0:0:0:0:0:0:1 - - [15/Apr/2017:10:57:44 +0530] "GET /demos/simpleBroadcaster.html HTTP/1.1" 304 -
0:0:0:0:0:0:0:1 - - [15/Apr/2017:10:57:44 +0530] "GET /favicon.ico HTTP/1.1" 200 894
0:0:0:0:0:0:0:1 - - [15/Apr/2017:10:57:45 +0530] "GET /demos/simpleBroadcaster.html HTTP/1.1" 304 -
0:0:0:0:0:0:0:1 - - [15/Apr/2017:10:57:45 +0530] "GET /favicon.ico HTTP/1.1" 200 894
0:0:0:0:0:0:0:1 - - [15/Apr/2017:10:57:45 +0530] "GET /demos/simpleBroadcaster.html HTTP/1.1" 304 -
0:0:0:0:0:0:0:1 - - [15/Apr/2017:10:57:45 +0530] "GET /favicon.ico HTTP/1.1" 200 894
0:0:0:0:0:0:0:1 - - [15/Apr/2017:10:57:45 +0530] "GET /demos/simpleBroadcaster.html HTTP/1.1" 304 -
0:0:0:0:0:0:0:1 - - [15/Apr/2017:10:57:45 +0530] "GET /favicon.ico HTTP/1.1" 200 894
0:0:0:0:0:0:0:1 - - [15/Apr/2017:10:57:45 +0530] "GET /demos/simpleBroadcaster.html HTTP/1.1" 304 -
0:0:0:0:0:0:0:1 - - [15/Apr/2017:10:57:45 +0530] "GET /favicon.ico HTTP/1.1" 200 894
0:0:0:0:0:0:0:1 - - [15/Apr/2017:10:57:45 +0530] "GET /demos/simpleBroadcaster.html HTTP/1.1" 304 -
0:0:0:0:0:0:0:1 - - [15/Apr/2017:10:57:45 +0530] "GET /favicon.ico HTTP/1.1" 200 894
0:0:0:0:0:0:0:1 - - [15/Apr/2017:10:57:45 +0530] "GET /demos/simpleBroadcaster.html HTTP/1.1" 304 -
0:0:0:0:0:0:0:1 - - [15/Apr/2017:10:57:45 +0530] "GET /favicon.ico HTTP/1.1" 200 894
0:0:0:0:0:0:0:1 - - [15/Apr/2017:10:57:46 +0530] "GET /demos/simpleBroadcaster.html HTTP/1.1" 304 -
0:0:0:0:0:0:0:1 - - [15/Apr/2017:10:57:46 +0530] "GET /favicon.ico HTTP/1.1" 200 894
0:0:0:0:0:0:0:1 - - [15/Apr/2017:11:01:31 +0530] "GET /demos/simpleSubscriber.html HTTP/1.1" 200 798
0:0:0:0:0:0:0:1 - - [15/Apr/2017:11:02:01 +0530] "GET /demos/simpleSubscriber.html HTTP/1.1" 304 -
0:0:0:0:0:0:0:1 - - [15/Apr/2017:11:02:01 +0530] "GET /favicon.ico HTTP/1.1" 200 894
